C251 COMPILER V5.60.0,  led                                                                21/05/24  09:30:57  PAGE 1   


C251 COMPILER V5.60.0, COMPILATION OF MODULE led
OBJECT MODULE PLACED IN .\obj\led.obj
COMPILER INVOKED BY: D:\KeilMDK\C251\BIN\C251.EXE Hardware\LED\led.c XSMALL INTR2 BROWSE INCDIR(.\Hardware\Usart;.\Hardw
                    -are\LED;.\Hardware\TIM;.\Hardware\Eeprom;.\ModBus;.\MwPro;.\Hardware\App;.\USER) DEBUG PRINT(.\obj\led.lst) OBJECT(.\obj
                    -\led.obj) 

stmt  level    source

    1          #include "main.h"
    2          #include "led.h"
    3          
    4          
    5          // °åÔØÖ¸Ê¾µÆ
    6          void RunLed(u16 dt)
    7          {   
    8   1          static u16 tm = 0;
    9   1          u16 to = 5000;
   10   1          tm += dt;
   11   1      
   12   1          if (tm > to)
   13   1          {
   14   2              tm = 0;
   15   2              RUN_LED(0);
   16   2          }
   17   1          else if (tm > (to-100))
   18   1          {
   19   2              RUN_LED(1);
   20   2          }
   21   1      }
   22          


Module Information          Static   Overlayable
------------------------------------------------
  code size            =        34     ------
  ecode size           =    ------     ------
  data size            =    ------     ------
  idata size           =    ------     ------
  pdata size           =    ------     ------
  xdata size           =    ------     ------
  xdata-const size     =    ------     ------
  edata size           =         2     ------
  bit size             =    ------     ------
  ebit size            =    ------     ------
  bitaddressable size  =    ------     ------
  ebitaddressable size =    ------     ------
  far data size        =    ------     ------
  huge data size       =    ------     ------
  const size           =    ------     ------
  hconst size          =         6     ------
End of Module Information.


C251 COMPILATION COMPLETE.  0 WARNING(S),  0 ERROR(S)
