C251 COMPILER V5.60.0,  mcp4725                                                            14/03/23  10:23:44  PAGE 1   


C251 COMPILER V5.60.0, COMPILATION OF MODULE mcp4725
OBJECT MODULE PLACED IN .\obj\mcp4725.obj
COMPILER INVOKED BY: D:\KeilMDK\C251\BIN\C251.EXE mcp4725\mcp4725.c XSMALL INTR2 OPTIMIZE(0,SPEED) BROWSE INCDIR(.\Ads11
                    -10;.\Flash;.\mcp4725;.\IIC;.\MwPro;.\Uart;.\Lcd;.\ModBus;.\Temperaturn) PRINT(.\obj\mcp4725.lst) OBJECT(.\obj\mcp4725.ob
                    -j) 

stmt  level    source

    1          #include "main.h"
    2          #include "mcp4725.h"
    3          #include "i2c.h"
    4          
    5          
    6          BYTE ThresAddr[SENSOR_COUNT] =
    7          {
    8              MCP4725_S1_ADDR,
    9              MCP4725_S2_ADDR,
   10              MCP4725_S3_ADDR,
   11              MCP4725_S4_ADDR
   12          };
   13          
   14          void MCP4725_OutVol(BYTE addr,WORD voltage)
   15          {
   16   1              DWORD uiVolTemp;
   17   1              BYTE out_data = 0;
   18   1              if(voltage > MCP4725_REF_VOL)
   19   1              {
   20   2                      //printf("input voltage > ref voltage\r\n");
   21   2                      return;
   22   2              }
   23   1      
   24   1          uiVolTemp = voltage;
   25   1      
   26   1              //_DINT();
   27   1              uiVolTemp = uiVolTemp*4096l/MCP4725_REF_VOL;
   28   1              I2C_Start(1);
   29   1              out_data = addr<<1;
   30   1              I2C_Write_Byte(1);
   31   1              I2C_ReadAck(1);
   32   1              out_data = ((uiVolTemp>>8)&0xf)|MCP4725_PD_MODE;   // ¸ß8Î»
   33   1              I2C_Write_Byte(1);
   34   1              I2C_ReadAck(1);
   35   1              out_data = uiVolTemp & 0xff;       // µÍ8Î»
   36   1              I2C_Write_Byte(1);
   37   1              I2C_ReadAck(1);
   38   1              I2C_Stop(1);
   39   1          //_EINT();
   40   1      }
   41          
   42          #if 0
               unsigned int MCP4725_Read(unsigned char addr)
               {
                       unsigned int uiTemp1,uiTemp2,dat;
               
                       I2C_Start();
                       I2C_Write_Byte((addr<<1) | 1);
                       I2C_Read_Byte(I2C_ACK);
                       uiTemp1 = I2C_Read_Byte(I2C_ACK);
                       uiTemp2 = I2C_Read_Byte(I2C_NACK);
                       I2C_Stop();
                       dat = ((uiTemp1&0xf)<<4 |(uiTemp2>>4) ) | (uiTemp1<<4); 
                       return dat;
               }
               #endif
   57          
C251 COMPILER V5.60.0,  mcp4725                                                            14/03/23  10:23:44  PAGE 2   



Module Information          Static   Overlayable
------------------------------------------------
  code size            =       839     ------
  ecode size           =    ------     ------
  data size            =    ------     ------
  idata size           =    ------     ------
  pdata size           =    ------     ------
  xdata size           =    ------     ------
  xdata-const size     =    ------     ------
  edata size           =        15     ------
  bit size             =    ------     ------
  ebit size            =    ------     ------
  bitaddressable size  =    ------     ------
  ebitaddressable size =    ------     ------
  far data size        =    ------     ------
  huge data size       =    ------     ------
  const size           =    ------     ------
  hconst size          =         8     ------
End of Module Information.


C251 COMPILATION COMPLETE.  0 WARNING(S),  0 ERROR(S)
