C251 COMPILER V5.60.0,  MwPro                                                              14/03/23  10:23:44  PAGE 1   


C251 COMPILER V5.60.0, COMPILATION OF MODULE MwPro
OBJECT MODULE PLACED IN .\obj\MwPro.obj
COMPILER INVOKED BY: D:\KeilMDK\C251\BIN\C251.EXE MwPro\MwPro.c XSMALL INTR2 OPTIMIZE(0,SPEED) BROWSE INCDIR(.\Ads1110;.
                    -\Flash;.\mcp4725;.\IIC;.\MwPro;.\Uart;.\Lcd;.\ModBus;.\Temperaturn) PRINT(.\obj\MwPro.lst) OBJECT(.\obj\MwPro.obj) 

stmt  level    source

    1          #include "main.h"
    2          
    3          extern u8  RX2_Buffer[]; //接收缓冲
    4          extern u8  RX2_Cnt;
    5          
    6          
    7          
    8          
    9          
   10          BYTE CheckSum(BYTE *buf, BYTE len)
   11          {
   12   1          BYTE dwSum = 0;
   13   1          BYTE i;
   14   1      
   15   1          for (i = 0; i < len; i++)
   16   1          {
   17   2              dwSum += buf[i];
   18   2          }
   19   1      
   20   1          return dwSum;
   21   1      }
   22          
   23          
   24          BYTE BcdToHex(BYTE Bh, BYTE Bl)
   25          {
   26   1          BYTE temp;
   27   1          if (Bh > 0x39)
   28   1          {
   29   2              temp = Bh - 0x37;
   30   2          }
   31   1          else
   32   1          {
   33   2              temp = Bh - 0x30;
   34   2          }
   35   1      
   36   1          temp <<= 4;
   37   1          temp &=0xF0;
   38   1          
   39   1          if (Bl > 0x39)
   40   1          {
   41   2              temp |= (Bl - 0x37)&0x0F;
   42   2          }
   43   1          else
   44   1          {
   45   2              temp |= (Bl - 0x30)&0x0F;
   46   2          }
   47   1      
   48   1          return temp;
   49   1      }
   50          
   51          
   52          #if 0
               void SendCmd(BYTE Cmd, BYTE *buf, BYTE Length)
               {
                   FRAME_HEAD *head = (FRAME_HEAD*)SendBuf;
                   BYTE Sum;
                   BYTE CkLen = 0;
                   BYTE Str[3] = {0};
C251 COMPILER V5.60.0,  MwPro                                                              14/03/23  10:23:44  PAGE 2   

                   
                   memset(SendBuf, 0, BUFF_LENGTH);
                   
                   head->Head   = HEAD;
                   head->Len    = 8+Length;
                   head->Type   = 0x93;    // 暂时未使用
                   head->Addr   = SysParam.Address;    
                   head->Cmd    = Cmd;
               
                   // data
                   if (Length > 0)
                   {
                       memcpy(&SendBuf[sizeof(FRAME_HEAD)], buf, Length);
                   }
               
                   // CS
                   CkLen = Length+4;
                   Sum = CheckSum(&SendBuf[1], CkLen);
                   sprintf((char *)Str, "%02X", Sum);
                   memcpy(&SendBuf[Length+5], Str, 2);
               
                   SendBuf[Length+7] = TAIL;
               
                   Rs485Send(SendBuf,head->Len);
               
                   //CommIdleTime = 0;
               }
               
               
               
               BOOL ValidUartFrame()
               {
                   FRAME_HEAD *pFrameHead = (FRAME_HEAD *)RecvBuf;
                   BYTE cs;
                   BYTE rs;
                   BYTE CkLen = 0;
                   
                   if ( (RecLength < (sizeof(FRAME_HEAD) + 3)) ||
                     (RecLength >= BUFF_LENGTH) )   // 长度大于最大包长 或 小于 帧头长度
                   {
                       return FALSE;
                   }
                   
                   if (pFrameHead->Head != HEAD)
                   {
                       return FALSE;
                   }
               
                   if (RecvBuf[RecLength-1] != TAIL)
                   {
                       return FALSE;
                   }
               
                   if (pFrameHead->Len != RecLength) // 协议数据长度 大于 实际长度
                   {
                       return FALSE;
                   }
               
                   CkLen = RecLength-4;
                   cs = CheckSum(&RecvBuf[1], CkLen);
                   rs = BcdToHex(RecvBuf[RecLength-3], RecvBuf[RecLength-2]);
                   
                   if (cs != rs)
                   {
                       #ifdef FOR_DEBUG
                       // 把正确的校验码发回去，用于调试
C251 COMPILER V5.60.0,  MwPro                                                              14/03/23  10:23:44  PAGE 3   

                       memset(RX1_Buffer,0,UART_BUF_LENGTH);
                       sprintf(RX1_Buffer,"%02X",cs);
                       Rs485Send(RX1_Buffer, (BYTE)strlen(RX1_Buffer));
                       #endif
                       
                       return FALSE;
                   }
               
                   return TRUE;
               }
               #endif
  136          


Module Information          Static   Overlayable
------------------------------------------------
  code size            =       213     ------
  ecode size           =    ------     ------
  data size            =    ------     ------
  idata size           =    ------     ------
  pdata size           =    ------     ------
  xdata size           =    ------     ------
  xdata-const size     =    ------     ------
  edata size           =        10     ------
  bit size             =    ------     ------
  ebit size            =    ------     ------
  bitaddressable size  =    ------     ------
  ebitaddressable size =    ------     ------
  far data size        =    ------     ------
  huge data size       =    ------     ------
  const size           =    ------     ------
  hconst size          =    ------     ------
End of Module Information.


C251 COMPILATION COMPLETE.  0 WARNING(S),  0 ERROR(S)
